/*C4*/SET SCHEMA PUBLIC
\u000d\u000a    alter table substance_tab \u000d\u000a       drop constraint UK4rj1095c539f4t05wcw54j8ok
\u000d\u000a    alter table substance_tab \u000d\u000a       add constraint UK4rj1095c539f4t05wcw54j8ok unique (substance_Id, tab_Id)
\u000d\u000a    alter table substance_tab_category \u000d\u000a       drop constraint UK63tkff7aa1dj3jp57k2tsn2ju
\u000d\u000a    alter table substance_tab_category \u000d\u000a       add constraint UK63tkff7aa1dj3jp57k2tsn2ju unique (category_Id, substanceTab_Id)
\u000d\u000a    alter table substance_tab_category_item \u000d\u000a       drop constraint UK3paw0lw2v3b46v3u2m94qgu1v
\u000d\u000a    alter table substance_tab_category_item \u000d\u000a       add constraint UK3paw0lw2v3b46v3u2m94qgu1v unique (item_Id, substanceTabCategory_Id)
\u000d\u000a    alter table substance_tab_category_item_tag \u000d\u000a       drop constraint UKnx5rvikrobuwvmtjbj94172o0
\u000d\u000a    alter table substance_tab_category_item_tag \u000d\u000a       add constraint UKnx5rvikrobuwvmtjbj94172o0 unique (substanceTabCategoryItem_Id, tag_Id)
/*C1*/SET SCHEMA SYSTEM_LOBS
INSERT INTO LOB_IDS VALUES(218,0,0,40)
ALTER SEQUENCE SYSTEM_LOBS.LOB_ID RESTART WITH 219
COMMIT
DELETE FROM BLOCKS WHERE BLOCK_ADDR=217
INSERT INTO BLOCKS VALUES(217,1,0)
INSERT INTO BLOCKS VALUES(218,2147483429,0)
DELETE FROM BLOCKS WHERE BLOCK_ADDR=217
INSERT INTO LOBS VALUES(217,1,0,218)
COMMIT
DELETE FROM LOB_IDS WHERE LOB_ID=218
INSERT INTO LOB_IDS VALUES(218,345,0,40)
COMMIT
INSERT INTO LOB_IDS VALUES(219,0,0,40)
ALTER SEQUENCE SYSTEM_LOBS.LOB_ID RESTART WITH 220
COMMIT
DELETE FROM BLOCKS WHERE BLOCK_ADDR=218
INSERT INTO BLOCKS VALUES(218,1,0)
INSERT INTO BLOCKS VALUES(219,2147483428,0)
DELETE FROM BLOCKS WHERE BLOCK_ADDR=218
INSERT INTO LOBS VALUES(218,1,0,219)
COMMIT
DELETE FROM LOB_IDS WHERE LOB_ID=219
INSERT INTO LOB_IDS VALUES(219,336,0,40)
COMMIT
INSERT INTO LOB_IDS VALUES(220,0,0,40)
ALTER SEQUENCE SYSTEM_LOBS.LOB_ID RESTART WITH 221
COMMIT
DELETE FROM BLOCKS WHERE BLOCK_ADDR=219
INSERT INTO BLOCKS VALUES(219,1,0)
INSERT INTO BLOCKS VALUES(220,2147483427,0)
DELETE FROM BLOCKS WHERE BLOCK_ADDR=219
INSERT INTO LOBS VALUES(219,1,0,220)
COMMIT
DELETE FROM LOB_IDS WHERE LOB_ID=220
INSERT INTO LOB_IDS VALUES(220,345,0,40)
COMMIT
/*C4*/DELETE FROM ITEM WHERE ID=23
INSERT INTO ITEM VALUES(23,'\u03a0\u03bb\u03b7\u03c1\u03bf\u03c6\u03bf\u03c1\u03af\u03b5\u03c2',220)
SET SCHEMA SYSTEM_LOBS
DELETE FROM LOB_IDS WHERE LOB_ID=217
INSERT INTO LOB_IDS VALUES(217,336,0,40)
DELETE FROM LOB_IDS WHERE LOB_ID=220
INSERT INTO LOB_IDS VALUES(220,345,1,40)
COMMIT
SET SCHEMA PUBLIC
INSERT INTO TAB VALUES(9,'\u0393\u03b5\u03bd\u03b9\u03ba\u03ac replaced')
COMMIT
DELETE FROM SUBSTANCE_TAB WHERE ID=16
INSERT INTO SUBSTANCE_TAB VALUES(16,4,9)
COMMIT
